c:\users\ilanm\desktop\vrepkukasystemcontrol (09.04.16) 3  одна кука ездиет по астару\vrepclient\vrepadapter\debug\vrepadapter.pch
c:\users\ilanm\desktop\vrepkukasystemcontrol (09.04.16) 3  одна кука ездиет по астару\vrepclient\vrepadapter\debug\vc140.pdb
c:\users\ilanm\desktop\vrepkukasystemcontrol (09.04.16) 3  одна кука ездиет по астару\vrepclient\vrepadapter\debug\stdafx.obj
c:\users\ilanm\desktop\vrepkukasystemcontrol (09.04.16) 3  одна кука ездиет по астару\vrepclient\vrepadapter\debug\extapiplatform.obj
c:\users\ilanm\desktop\vrepkukasystemcontrol (09.04.16) 3  одна кука ездиет по астару\vrepclient\vrepadapter\debug\extapi.obj
c:\users\ilanm\desktop\vrepkukasystemcontrol (09.04.16) 3  одна кука ездиет по астару\vrepclient\vrepadapter\debug\vrepadapter.obj
c:\users\ilanm\desktop\vrepkukasystemcontrol (09.04.16) 3  одна кука ездиет по астару\vrepclient\vrepadapter\debug\assemblyinfo.obj
c:\users\ilanm\desktop\vrepkukasystemcontrol (09.04.16) 3  одна кука ездиет по астару\vrepclient\vrepadapter\debug\.netframework,version=v4.5.2.assemblyattributes.obj
c:\users\ilanm\desktop\vrepkukasystemcontrol (09.04.16) 3  одна кука ездиет по астару\vrepclient\vrepadapter\debug\.netframework,version=v4.5.2.assemblyattributes.asm
c:\users\ilanm\desktop\vrepkukasystemcontrol (09.04.16) 3  одна кука ездиет по астару\vrepclient\debug\vrepadapter.dll
c:\users\ilanm\desktop\vrepkukasystemcontrol (09.04.16) 3  одна кука ездиет по астару\vrepclient\debug\vrepadapter.pdb
c:\users\ilanm\desktop\vrepkukasystemcontrol (09.04.16) 3  одна кука ездиет по астару\vrepclient\vrepadapter\debug\app.res
c:\users\ilanm\desktop\vrepkukasystemcontrol (09.04.16) 3  одна кука ездиет по астару\vrepclient\debug\vrepadapter.lib
c:\users\ilanm\desktop\vrepkukasystemcontrol (09.04.16) 3  одна кука ездиет по астару\vrepclient\debug\vrepadapter.exp
c:\users\ilanm\desktop\vrepkukasystemcontrol (09.04.16) 3  одна кука ездиет по астару\vrepclient\vrepadapter\debug\vrepadapter.vcxprojresolveassemblyreference.cache
c:\users\ilanm\desktop\vrepkukasystemcontrol (09.04.16) 3  одна кука ездиет по астару\vrepclient\vrepadapter\debug\vrepadapter.tlog\cl.command.1.tlog
c:\users\ilanm\desktop\vrepkukasystemcontrol (09.04.16) 3  одна кука ездиет по астару\vrepclient\vrepadapter\debug\vrepadapter.tlog\cl.read.1.tlog
c:\users\ilanm\desktop\vrepkukasystemcontrol (09.04.16) 3  одна кука ездиет по астару\vrepclient\vrepadapter\debug\vrepadapter.tlog\cl.write.1.tlog
c:\users\ilanm\desktop\vrepkukasystemcontrol (09.04.16) 3  одна кука ездиет по астару\vrepclient\vrepadapter\debug\vrepadapter.tlog\link.command.1.tlog
c:\users\ilanm\desktop\vrepkukasystemcontrol (09.04.16) 3  одна кука ездиет по астару\vrepclient\vrepadapter\debug\vrepadapter.tlog\link.read.1.tlog
c:\users\ilanm\desktop\vrepkukasystemcontrol (09.04.16) 3  одна кука ездиет по астару\vrepclient\vrepadapter\debug\vrepadapter.tlog\link.write.1.tlog
c:\users\ilanm\desktop\vrepkukasystemcontrol (09.04.16) 3  одна кука ездиет по астару\vrepclient\vrepadapter\debug\vrepadapter.tlog\metagen.read.1.tlog
c:\users\ilanm\desktop\vrepkukasystemcontrol (09.04.16) 3  одна кука ездиет по астару\vrepclient\vrepadapter\debug\vrepadapter.tlog\metagen.write.1.tlog
c:\users\ilanm\desktop\vrepkukasystemcontrol (09.04.16) 3  одна кука ездиет по астару\vrepclient\vrepadapter\debug\vrepadapter.tlog\rc.command.1.tlog
c:\users\ilanm\desktop\vrepkukasystemcontrol (09.04.16) 3  одна кука ездиет по астару\vrepclient\vrepadapter\debug\vrepadapter.tlog\rc.read.1.tlog
c:\users\ilanm\desktop\vrepkukasystemcontrol (09.04.16) 3  одна кука ездиет по астару\vrepclient\vrepadapter\debug\vrepadapter.tlog\rc.write.1.tlog
c:\users\ilanm\desktop\vrepkukasystemcontrol (09.04.16) 3  одна кука ездиет по астару\vrepclient\vrepadapter\debug\vrepadapter.tlog\vrepadapter.write.1u.tlog
c:\users\ilanm\desktop\vrepkukasystemcontrol (09.04.16) 3  одна кука ездиет по астару\vrepclient\vrepadapter\debug\vrepadapter.tlog\tzres.dll.bi
